<?xml version="1.0" encoding="UTF-8"?>
<testsuite name="StatementPrinterTests" tests="5" skipped="0" failures="0" errors="0" timestamp="2023-10-27T12:25:19" hostname="ANNIHYLS" time="0.739">
  <properties/>
  <testcase name="statementWithNewPlayTypes()" classname="StatementPrinterTests" time="0.045"/>
  <testcase name="withSoldUnder150()" classname="StatementPrinterTests" time="0.156"/>
  <testcase name="htmlPrintingTestWithSoldOver150()" classname="StatementPrinterTests" time="0.415"/>
  <testcase name="htmlPrintingTestWithSoldUnder150()" classname="StatementPrinterTests" time="0.066"/>
  <testcase name="withSoldOver150()" classname="StatementPrinterTests" time="0.054"/>
  <system-out><![CDATA[]]></system-out>
  <system-err><![CDATA[]]></system-err>
</testsuite>
