<?xml version="1.0" encoding="UTF-8"?>
<testsuite name="StatementPrinterTests" tests="4" skipped="0" failures="0" errors="0" timestamp="2023-10-26T11:57:23" hostname="ANNIHYLS" time="0.66">
  <properties/>
  <testcase name="statementWithNewPlayTypes()" classname="StatementPrinterTests" time="0.076"/>
  <testcase name="withSoldUnder150()" classname="StatementPrinterTests" time="0.137"/>
  <testcase name="htmlPrintingTestWithSoldOver150()" classname="StatementPrinterTests" time="0.395"/>
  <testcase name="withSoldOver150()" classname="StatementPrinterTests" time="0.049"/>
  <system-out><![CDATA[]]></system-out>
  <system-err><![CDATA[]]></system-err>
</testsuite>
