<?xml version="1.0" encoding="UTF-8"?>
<testsuite name="StatementPrinterTests" tests="4" skipped="0" failures="0" errors="0" timestamp="2023-10-26T12:36:25" hostname="ANNIHYLS" time="0.578">
  <properties/>
  <testcase name="statementWithNewPlayTypes()" classname="StatementPrinterTests" time="0.056"/>
  <testcase name="withSoldUnder150()" classname="StatementPrinterTests" time="0.146"/>
  <testcase name="htmlPrintingTestWithSoldOver150()" classname="StatementPrinterTests" time="0.334"/>
  <testcase name="withSoldOver150()" classname="StatementPrinterTests" time="0.04"/>
  <system-out><![CDATA[]]></system-out>
  <system-err><![CDATA[]]></system-err>
</testsuite>
