<?xml version="1.0" encoding="UTF-8"?>
<testsuite name="StatementPrinterTests" tests="3" skipped="0" failures="0" errors="0" timestamp="2023-10-25T12:16:24" hostname="ANNIHYLS" time="0.226">
  <properties/>
  <testcase name="statementWithNewPlayTypes()" classname="StatementPrinterTests" time="0.043"/>
  <testcase name="withSoldUnder150()" classname="StatementPrinterTests" time="0.138"/>
  <testcase name="withSoldOver150()" classname="StatementPrinterTests" time="0.044"/>
  <system-out><![CDATA[]]></system-out>
  <system-err><![CDATA[]]></system-err>
</testsuite>
