<?xml version="1.0" encoding="UTF-8"?>
<testsuite name="StatementPrinterTests" tests="2" skipped="0" failures="0" errors="0" timestamp="2023-10-10T14:15:17" hostname="ANNIHYLS" time="0.397">
  <properties/>
  <testcase name="exampleStatement()" classname="StatementPrinterTests" time="0.38"/>
  <testcase name="statementWithNewPlayTypes()" classname="StatementPrinterTests" time="0.015"/>
  <system-out><![CDATA[]]></system-out>
  <system-err><![CDATA[]]></system-err>
</testsuite>
